<?xml version="1.0" encoding="UTF-8"?>
<!-- Generated by org.testng.reporters.JUnitXMLReporter -->
<testsuite ignored="0" hostname="del1-lhp-n77322" failures="0" tests="3" name="Default test" time="21.898" errors="0" timestamp="2024-01-12T12:47:49 IST">
  <testcase classname="testngdemo.MyApplication2" name="startApp" time="7.436"/>
  <testcase classname="testngdemo.MyApplication2" name="loginApp" time="2.198"/>
  <testcase classname="testngdemo.MyApplication2" name="logoutApp" time="9.942"/>
</testsuite> <!-- Default test -->
