<?xml version="1.0" encoding="UTF-8"?>
<testng-results ignored="0" total="3" passed="3" failed="0" skipped="0">
  <reporter-output>
  </reporter-output>
  <suite started-at="2024-01-12T12:47:27 IST" name="Default suite" finished-at="2024-01-12T12:47:49 IST" duration-ms="21898">
    <groups>
    </groups>
    <test started-at="2024-01-12T12:47:27 IST" name="Default test" finished-at="2024-01-12T12:47:49 IST" duration-ms="21898">
      <class name="testngdemo.MyApplication2">
        <test-method is-config="true" signature="startBrowser()[pri:0, instance:testngdemo.MyApplication2@537f60bf]" started-at="2024-01-12T12:47:27 IST" name="startBrowser" finished-at="2024-01-12T12:47:29 IST" duration-ms="1987" status="PASS">
          <reporter-output>
          </reporter-output>
        </test-method> <!-- startBrowser -->
        <test-method signature="startApp()[pri:0, instance:testngdemo.MyApplication2@537f60bf]" started-at="2024-01-12T12:47:29 IST" name="startApp" finished-at="2024-01-12T12:47:37 IST" duration-ms="7436" status="PASS">
          <reporter-output>
          </reporter-output>
        </test-method> <!-- startApp -->
        <test-method signature="loginApp()[pri:0, instance:testngdemo.MyApplication2@537f60bf]" started-at="2024-01-12T12:47:37 IST" name="loginApp" finished-at="2024-01-12T12:47:39 IST" depends-on-methods="testngdemo.MyApplication2.startApp" duration-ms="2198" status="PASS">
          <reporter-output>
          </reporter-output>
        </test-method> <!-- loginApp -->
        <test-method signature="logoutApp()[pri:0, instance:testngdemo.MyApplication2@537f60bf]" started-at="2024-01-12T12:47:39 IST" name="logoutApp" finished-at="2024-01-12T12:47:49 IST" depends-on-methods="testngdemo.MyApplication2.loginApp" duration-ms="9942" status="PASS">
          <reporter-output>
          </reporter-output>
        </test-method> <!-- logoutApp -->
        <test-method is-config="true" signature="closeApp()[pri:0, instance:testngdemo.MyApplication2@537f60bf]" started-at="2024-01-12T12:47:49 IST" name="closeApp" finished-at="2024-01-12T12:47:49 IST" duration-ms="298" status="PASS">
          <reporter-output>
          </reporter-output>
        </test-method> <!-- closeApp -->
      </class> <!-- testngdemo.MyApplication2 -->
    </test> <!-- Default test -->
  </suite> <!-- Default suite -->
</testng-results>
